2024-07-17 23:07:01,777 :INFO : click_on_Menu_Button :click on the menu button in the home page
2024-07-17 23:07:03,903 :INFO : click_on_Login_Button :click on the login button
2024-07-17 23:07:03,970 :INFO : enter_Email :Entered email address in the login page
2024-07-17 23:07:04,029 :INFO : enter_Password :Entered password in the login page
2024-07-17 23:07:04,068 :INFO : click_on_Continue_Button :click on the Continue button
2024-07-17 23:07:14,075 :INFO : verify_menu_text :Verify the Menu text in the dashboard page
2024-07-17 23:07:14,131 :INFO : click_on_name_text :Click on the Menu text in the dashboard page
2024-07-17 23:07:16,453 :INFO : click_on_Logout_button :Click on the logout button in the menubar
2024-07-17 23:07:35,777 :INFO : click_on_Menu_Button :click on the menu button in the home page
2024-07-17 23:07:35,777 :INFO : click_on_Menu_Button :click on the menu button in the home page
2024-07-17 23:07:38,037 :INFO : click_on_Login_Button :click on the login button
2024-07-17 23:07:38,037 :INFO : click_on_Login_Button :click on the login button
2024-07-17 23:07:38,102 :INFO : enter_Email :Entered email address in the login page
2024-07-17 23:07:38,102 :INFO : enter_Email :Entered email address in the login page
2024-07-17 23:07:38,161 :INFO : enter_Password :Entered password in the login page
2024-07-17 23:07:38,161 :INFO : enter_Password :Entered password in the login page
2024-07-17 23:07:38,201 :INFO : click_on_Continue_Button :click on the Continue button
2024-07-17 23:07:38,201 :INFO : click_on_Continue_Button :click on the Continue button
2024-07-17 23:07:48,208 :INFO : verify_Login_text :verify login text in the login page
2024-07-17 23:07:48,233 :INFO : test_enter_empty_credentails_in_login :Login successful!
2024-07-17 23:08:10,417 :INFO : click_on_Menu_Button :click on the menu button in the home page
2024-07-17 23:08:10,417 :INFO : click_on_Menu_Button :click on the menu button in the home page
2024-07-17 23:08:10,417 :INFO : click_on_Menu_Button :click on the menu button in the home page
2024-07-17 23:08:12,559 :INFO : click_on_Login_Button :click on the login button
2024-07-17 23:08:12,559 :INFO : click_on_Login_Button :click on the login button
2024-07-17 23:08:12,559 :INFO : click_on_Login_Button :click on the login button
2024-07-17 23:08:12,655 :INFO : enter_Email :Entered email address in the login page
2024-07-17 23:08:12,655 :INFO : enter_Email :Entered email address in the login page
2024-07-17 23:08:12,655 :INFO : enter_Email :Entered email address in the login page
2024-07-17 23:08:12,732 :INFO : enter_Password :Entered password in the login page
2024-07-17 23:08:12,732 :INFO : enter_Password :Entered password in the login page
2024-07-17 23:08:12,732 :INFO : enter_Password :Entered password in the login page
2024-07-17 23:08:12,792 :INFO : click_on_Continue_Button :click on the Continue button
2024-07-17 23:08:12,792 :INFO : click_on_Continue_Button :click on the Continue button
2024-07-17 23:08:12,792 :INFO : click_on_Continue_Button :click on the Continue button
2024-07-17 23:08:22,799 :INFO : verify_error_text :verify error text in the login page
2024-07-17 23:08:43,242 :INFO : click_on_Menu_Button :click on the menu button in the home page
2024-07-17 23:08:43,242 :INFO : click_on_Menu_Button :click on the menu button in the home page
2024-07-17 23:08:43,242 :INFO : click_on_Menu_Button :click on the menu button in the home page
2024-07-17 23:08:43,242 :INFO : click_on_Menu_Button :click on the menu button in the home page
2024-07-17 23:08:45,395 :INFO : click_on_Login_Button :click on the login button
2024-07-17 23:08:45,395 :INFO : click_on_Login_Button :click on the login button
2024-07-17 23:08:45,395 :INFO : click_on_Login_Button :click on the login button
2024-07-17 23:08:45,395 :INFO : click_on_Login_Button :click on the login button
2024-07-17 23:08:55,447 :INFO : click_on_forgot_link :click on the forgot link
2024-07-17 23:08:55,453 :INFO : verify_page_title :verify the page title in the forgot page
2024-07-17 23:08:55,534 :INFO : enter_Email_ID :enter the email address in the forgot page
2024-07-17 23:08:55,573 :INFO : click_on_Continue_button :click on the continue button
2024-07-17 23:09:05,580 :INFO : verify_text_message :verify the text message in the forgot page
2024-07-17 23:09:05,632 :INFO : click_to_login_button :click on the login button
2024-07-17 23:09:46,598 :INFO : click_on_Menu_Button :click on the menu button in the home page
2024-07-17 23:09:46,598 :INFO : click_on_Menu_Button :click on the menu button in the home page
2024-07-17 23:09:46,598 :INFO : click_on_Menu_Button :click on the menu button in the home page
2024-07-17 23:09:46,598 :INFO : click_on_Menu_Button :click on the menu button in the home page
2024-07-17 23:09:46,598 :INFO : click_on_Menu_Button :click on the menu button in the home page
2024-07-17 23:09:48,707 :INFO : click_on_Login_Button :click on the login button
2024-07-17 23:09:48,707 :INFO : click_on_Login_Button :click on the login button
2024-07-17 23:09:48,707 :INFO : click_on_Login_Button :click on the login button
2024-07-17 23:09:48,707 :INFO : click_on_Login_Button :click on the login button
2024-07-17 23:09:48,707 :INFO : click_on_Login_Button :click on the login button
2024-07-17 23:09:58,759 :INFO : click_on_forgot_link :click on the forgot link
2024-07-17 23:09:58,759 :INFO : click_on_forgot_link :click on the forgot link
2024-07-17 23:09:58,765 :INFO : verify_page_title :verify the page title in the forgot page
2024-07-17 23:09:58,765 :INFO : verify_page_title :verify the page title in the forgot page
2024-07-17 23:09:58,843 :INFO : enter_Email_ID :enter the email address in the forgot page
2024-07-17 23:09:58,843 :INFO : enter_Email_ID :enter the email address in the forgot page
2024-07-17 23:09:58,886 :INFO : click_on_Continue_button :click on the continue button
2024-07-17 23:09:58,886 :INFO : click_on_Continue_button :click on the continue button
2024-07-17 23:10:08,892 :INFO : verify_invalid_email_message :verify the invalid email message
2024-07-17 23:10:08,945 :INFO : click_to_login_button :click on the login button
2024-07-17 23:10:08,945 :INFO : click_to_login_button :click on the login button
2024-07-17 23:45:32,638 :INFO : click_on_Menu_Button :click on the menu button in the home page
2024-07-17 23:45:35,221 :INFO : click_on_Login_Button :click on the login button
2024-07-17 23:45:35,338 :INFO : enter_Email :Entered email address in the login page
2024-07-17 23:45:35,420 :INFO : enter_Password :Entered password in the login page
2024-07-17 23:45:35,487 :INFO : click_on_Continue_Button :click on the Continue button
2024-07-17 23:45:45,509 :INFO : verify_menu_text :Verify the Menu text in the dashboard page
2024-07-17 23:45:45,585 :INFO : click_on_name_text :Click on the Menu text in the dashboard page
2024-07-17 23:45:48,349 :INFO : click_on_Logout_button :Click on the logout button in the menubar
2024-07-17 23:46:09,625 :INFO : click_on_Menu_Button :click on the menu button in the home page
2024-07-17 23:46:09,625 :INFO : click_on_Menu_Button :click on the menu button in the home page
2024-07-17 23:46:12,601 :INFO : click_on_Login_Button :click on the login button
2024-07-17 23:46:12,601 :INFO : click_on_Login_Button :click on the login button
2024-07-17 23:46:12,691 :INFO : enter_Email :Entered email address in the login page
2024-07-17 23:46:12,691 :INFO : enter_Email :Entered email address in the login page
2024-07-17 23:46:12,780 :INFO : enter_Password :Entered password in the login page
2024-07-17 23:46:12,780 :INFO : enter_Password :Entered password in the login page
2024-07-17 23:46:12,861 :INFO : click_on_Continue_Button :click on the Continue button
2024-07-17 23:46:12,861 :INFO : click_on_Continue_Button :click on the Continue button
2024-07-17 23:46:22,863 :INFO : verify_Login_text :verify login text in the login page
2024-07-17 23:46:22,898 :INFO : test_enter_empty_credentails_in_login :Login successful!
2024-07-17 23:46:46,541 :INFO : click_on_Menu_Button :click on the menu button in the home page
2024-07-17 23:46:46,541 :INFO : click_on_Menu_Button :click on the menu button in the home page
2024-07-17 23:46:46,541 :INFO : click_on_Menu_Button :click on the menu button in the home page
2024-07-17 23:46:48,908 :INFO : click_on_Login_Button :click on the login button
2024-07-17 23:46:48,908 :INFO : click_on_Login_Button :click on the login button
2024-07-17 23:46:48,908 :INFO : click_on_Login_Button :click on the login button
2024-07-17 23:46:49,018 :INFO : enter_Email :Entered email address in the login page
2024-07-17 23:46:49,018 :INFO : enter_Email :Entered email address in the login page
2024-07-17 23:46:49,018 :INFO : enter_Email :Entered email address in the login page
2024-07-17 23:46:49,113 :INFO : enter_Password :Entered password in the login page
2024-07-17 23:46:49,113 :INFO : enter_Password :Entered password in the login page
2024-07-17 23:46:49,113 :INFO : enter_Password :Entered password in the login page
2024-07-17 23:46:49,174 :INFO : click_on_Continue_Button :click on the Continue button
2024-07-17 23:46:49,174 :INFO : click_on_Continue_Button :click on the Continue button
2024-07-17 23:46:49,174 :INFO : click_on_Continue_Button :click on the Continue button
2024-07-17 23:46:59,175 :INFO : verify_error_text :verify error text in the login page
2024-07-17 23:47:42,536 :INFO : click_on_Menu_Button :click on the menu button in the home page
2024-07-17 23:47:42,536 :INFO : click_on_Menu_Button :click on the menu button in the home page
2024-07-17 23:47:42,536 :INFO : click_on_Menu_Button :click on the menu button in the home page
2024-07-17 23:47:42,536 :INFO : click_on_Menu_Button :click on the menu button in the home page
2024-07-17 23:47:44,981 :INFO : click_on_Login_Button :click on the login button
2024-07-17 23:47:44,981 :INFO : click_on_Login_Button :click on the login button
2024-07-17 23:47:44,981 :INFO : click_on_Login_Button :click on the login button
2024-07-17 23:47:44,981 :INFO : click_on_Login_Button :click on the login button
2024-07-17 23:47:55,068 :INFO : click_on_forgot_link :click on the forgot link
2024-07-17 23:47:55,070 :INFO : verify_page_title :verify the page title in the forgot page
2024-07-17 23:47:55,175 :INFO : enter_Email_ID :enter the email address in the forgot page
2024-07-17 23:47:55,239 :INFO : click_on_Continue_button :click on the continue button
2024-07-17 23:48:05,240 :INFO : verify_confirm_message :verify the confirmation message in the forgot page
2024-07-17 23:48:05,325 :INFO : click_to_login_button :click on the login button
2024-07-17 23:48:27,618 :INFO : click_on_Menu_Button :click on the menu button in the home page
2024-07-17 23:48:27,618 :INFO : click_on_Menu_Button :click on the menu button in the home page
2024-07-17 23:48:27,618 :INFO : click_on_Menu_Button :click on the menu button in the home page
2024-07-17 23:48:27,618 :INFO : click_on_Menu_Button :click on the menu button in the home page
2024-07-17 23:48:27,618 :INFO : click_on_Menu_Button :click on the menu button in the home page
2024-07-17 23:48:30,208 :INFO : click_on_Login_Button :click on the login button
2024-07-17 23:48:30,208 :INFO : click_on_Login_Button :click on the login button
2024-07-17 23:48:30,208 :INFO : click_on_Login_Button :click on the login button
2024-07-17 23:48:30,208 :INFO : click_on_Login_Button :click on the login button
2024-07-17 23:48:30,208 :INFO : click_on_Login_Button :click on the login button
2024-07-17 23:48:40,284 :INFO : click_on_forgot_link :click on the forgot link
2024-07-17 23:48:40,284 :INFO : click_on_forgot_link :click on the forgot link
2024-07-17 23:48:40,292 :INFO : verify_page_title :verify the page title in the forgot page
2024-07-17 23:48:40,292 :INFO : verify_page_title :verify the page title in the forgot page
2024-07-17 23:48:40,404 :INFO : enter_Email_ID :enter the email address in the forgot page
2024-07-17 23:48:40,404 :INFO : enter_Email_ID :enter the email address in the forgot page
2024-07-17 23:48:40,460 :INFO : click_on_Continue_button :click on the continue button
2024-07-17 23:48:40,460 :INFO : click_on_Continue_button :click on the continue button
2024-07-17 23:48:50,472 :INFO : verify_invalid_email_message :verify the invalid email message
2024-07-17 23:48:50,556 :INFO : click_to_login_button :click on the login button
2024-07-17 23:48:50,556 :INFO : click_to_login_button :click on the login button
2024-07-18 10:47:39,626 :INFO : click_on_Menu_Button :click on the menu button in the home page
2024-07-18 10:47:41,961 :INFO : click_on_Login_Button :click on the login button
2024-07-18 10:47:42,044 :INFO : enter_Email :Entered email address in the login page
2024-07-18 10:47:42,115 :INFO : enter_Password :Entered password in the login page
2024-07-18 10:47:42,160 :INFO : click_on_Continue_Button :click on the Continue button
2024-07-18 10:47:52,169 :INFO : verify_menu_text :Verify the Menu text in the dashboard page
2024-07-18 10:47:52,227 :INFO : click_on_name_text :Click on the Menu text in the dashboard page
2024-07-18 10:47:55,047 :INFO : click_on_Logout_button :Click on the logout button in the menubar
2024-07-18 10:48:15,439 :INFO : click_on_Menu_Button :click on the menu button in the home page
2024-07-18 10:48:15,439 :INFO : click_on_Menu_Button :click on the menu button in the home page
2024-07-18 10:48:17,673 :INFO : click_on_Login_Button :click on the login button
2024-07-18 10:48:17,673 :INFO : click_on_Login_Button :click on the login button
2024-07-18 10:48:17,741 :INFO : enter_Email :Entered email address in the login page
2024-07-18 10:48:17,741 :INFO : enter_Email :Entered email address in the login page
2024-07-18 10:48:17,802 :INFO : enter_Password :Entered password in the login page
2024-07-18 10:48:17,802 :INFO : enter_Password :Entered password in the login page
2024-07-18 10:48:17,845 :INFO : click_on_Continue_Button :click on the Continue button
2024-07-18 10:48:17,845 :INFO : click_on_Continue_Button :click on the Continue button
2024-07-18 10:48:27,851 :INFO : verify_Login_text :verify login text in the login page
2024-07-18 10:48:27,877 :INFO : test_enter_empty_credentails_in_login :Login successful!
2024-07-18 10:48:49,400 :INFO : click_on_Menu_Button :click on the menu button in the home page
2024-07-18 10:48:49,400 :INFO : click_on_Menu_Button :click on the menu button in the home page
2024-07-18 10:48:49,400 :INFO : click_on_Menu_Button :click on the menu button in the home page
2024-07-18 10:48:51,540 :INFO : click_on_Login_Button :click on the login button
2024-07-18 10:48:51,540 :INFO : click_on_Login_Button :click on the login button
2024-07-18 10:48:51,540 :INFO : click_on_Login_Button :click on the login button
2024-07-18 10:48:51,618 :INFO : enter_Email :Entered email address in the login page
2024-07-18 10:48:51,618 :INFO : enter_Email :Entered email address in the login page
2024-07-18 10:48:51,618 :INFO : enter_Email :Entered email address in the login page
2024-07-18 10:48:51,681 :INFO : enter_Password :Entered password in the login page
2024-07-18 10:48:51,681 :INFO : enter_Password :Entered password in the login page
2024-07-18 10:48:51,681 :INFO : enter_Password :Entered password in the login page
2024-07-18 10:48:51,722 :INFO : click_on_Continue_Button :click on the Continue button
2024-07-18 10:48:51,722 :INFO : click_on_Continue_Button :click on the Continue button
2024-07-18 10:48:51,722 :INFO : click_on_Continue_Button :click on the Continue button
2024-07-18 10:49:01,729 :INFO : verify_error_text :verify error text in the login page
2024-07-18 10:49:23,538 :INFO : click_on_Menu_Button :click on the menu button in the home page
2024-07-18 10:49:23,538 :INFO : click_on_Menu_Button :click on the menu button in the home page
2024-07-18 10:49:23,538 :INFO : click_on_Menu_Button :click on the menu button in the home page
2024-07-18 10:49:23,538 :INFO : click_on_Menu_Button :click on the menu button in the home page
2024-07-18 10:49:25,715 :INFO : click_on_Login_Button :click on the login button
2024-07-18 10:49:25,715 :INFO : click_on_Login_Button :click on the login button
2024-07-18 10:49:25,715 :INFO : click_on_Login_Button :click on the login button
2024-07-18 10:49:25,715 :INFO : click_on_Login_Button :click on the login button
2024-07-18 10:49:35,769 :INFO : click_on_forgot_link :click on the forgot link
2024-07-18 10:49:35,774 :INFO : verify_page_title :verify the page title in the forgot page
2024-07-18 10:49:35,861 :INFO : enter_Email_ID :enter the email address in the forgot page
2024-07-18 10:49:35,902 :INFO : click_on_Continue_button :click on the continue button
2024-07-18 10:49:45,909 :INFO : verify_confirm_message :verify the confirmation message in the forgot page
2024-07-18 10:49:45,962 :INFO : click_to_login_button :click on the login button
2024-07-18 10:50:07,107 :INFO : click_on_Menu_Button :click on the menu button in the home page
2024-07-18 10:50:07,107 :INFO : click_on_Menu_Button :click on the menu button in the home page
2024-07-18 10:50:07,107 :INFO : click_on_Menu_Button :click on the menu button in the home page
2024-07-18 10:50:07,107 :INFO : click_on_Menu_Button :click on the menu button in the home page
2024-07-18 10:50:07,107 :INFO : click_on_Menu_Button :click on the menu button in the home page
2024-07-18 10:50:09,631 :INFO : click_on_Login_Button :click on the login button
2024-07-18 10:50:09,631 :INFO : click_on_Login_Button :click on the login button
2024-07-18 10:50:09,631 :INFO : click_on_Login_Button :click on the login button
2024-07-18 10:50:09,631 :INFO : click_on_Login_Button :click on the login button
2024-07-18 10:50:09,631 :INFO : click_on_Login_Button :click on the login button
2024-07-18 10:50:19,681 :INFO : click_on_forgot_link :click on the forgot link
2024-07-18 10:50:19,681 :INFO : click_on_forgot_link :click on the forgot link
2024-07-18 10:50:19,687 :INFO : verify_page_title :verify the page title in the forgot page
2024-07-18 10:50:19,687 :INFO : verify_page_title :verify the page title in the forgot page
2024-07-18 10:50:19,769 :INFO : enter_Email_ID :enter the email address in the forgot page
2024-07-18 10:50:19,769 :INFO : enter_Email_ID :enter the email address in the forgot page
2024-07-18 10:50:19,809 :INFO : click_on_Continue_button :click on the continue button
2024-07-18 10:50:19,809 :INFO : click_on_Continue_button :click on the continue button
2024-07-18 10:50:29,816 :INFO : verify_invalid_email_message :verify the invalid email message
2024-07-18 10:50:29,869 :INFO : click_to_login_button :click on the login button
2024-07-18 10:50:29,869 :INFO : click_to_login_button :click on the login button
2024-07-18 10:53:11,807 :INFO : click_on_Menu_Button :click on the menu button in the home page
2024-07-18 10:53:14,359 :INFO : click_on_Login_Button :click on the login button
2024-07-18 10:53:14,439 :INFO : enter_Email :Entered email address in the login page
2024-07-18 10:53:14,502 :INFO : enter_Password :Entered password in the login page
2024-07-18 10:53:14,545 :INFO : click_on_Continue_Button :click on the Continue button
2024-07-18 10:53:24,552 :INFO : verify_menu_text :Verify the Menu text in the dashboard page
2024-07-18 10:53:24,609 :INFO : click_on_name_text :Click on the Menu text in the dashboard page
2024-07-18 10:53:26,965 :INFO : click_on_Logout_button :Click on the logout button in the menubar
2024-07-18 10:53:27,040 :INFO : click_on_Menu_Button :click on the menu button in the home page
2024-07-18 10:53:27,040 :INFO : click_on_Menu_Button :click on the menu button in the home page
2024-07-18 10:53:28,160 :INFO : click_on_Login_Button :click on the login button
2024-07-18 10:53:28,160 :INFO : click_on_Login_Button :click on the login button
2024-07-18 10:53:28,214 :INFO : enter_Email :Entered email address in the login page
2024-07-18 10:53:28,214 :INFO : enter_Email :Entered email address in the login page
2024-07-18 10:53:28,267 :INFO : enter_Password :Entered password in the login page
2024-07-18 10:53:28,267 :INFO : enter_Password :Entered password in the login page
2024-07-18 10:53:28,305 :INFO : click_on_Continue_Button :click on the Continue button
2024-07-18 10:53:28,305 :INFO : click_on_Continue_Button :click on the Continue button
2024-07-18 10:53:38,311 :INFO : verify_Login_text :verify login text in the login page
2024-07-18 10:53:38,333 :INFO : test_enter_empty_credentails_in_login :Login successful!
2024-07-18 10:53:40,202 :INFO : click_on_Menu_Button :click on the menu button in the home page
2024-07-18 10:53:40,202 :INFO : click_on_Menu_Button :click on the menu button in the home page
2024-07-18 10:53:40,202 :INFO : click_on_Menu_Button :click on the menu button in the home page
2024-07-18 10:53:41,283 :INFO : click_on_Login_Button :click on the login button
2024-07-18 10:53:41,283 :INFO : click_on_Login_Button :click on the login button
2024-07-18 10:53:41,283 :INFO : click_on_Login_Button :click on the login button
2024-07-18 10:53:41,345 :INFO : enter_Email :Entered email address in the login page
2024-07-18 10:53:41,345 :INFO : enter_Email :Entered email address in the login page
2024-07-18 10:53:41,345 :INFO : enter_Email :Entered email address in the login page
2024-07-18 10:53:41,402 :INFO : enter_Password :Entered password in the login page
2024-07-18 10:53:41,402 :INFO : enter_Password :Entered password in the login page
2024-07-18 10:53:41,402 :INFO : enter_Password :Entered password in the login page
2024-07-18 10:53:41,437 :INFO : click_on_Continue_Button :click on the Continue button
2024-07-18 10:53:41,437 :INFO : click_on_Continue_Button :click on the Continue button
2024-07-18 10:53:41,437 :INFO : click_on_Continue_Button :click on the Continue button
2024-07-18 10:53:51,444 :INFO : verify_error_text :verify error text in the login page
2024-07-18 10:53:53,468 :INFO : click_on_Menu_Button :click on the menu button in the home page
2024-07-18 10:53:53,468 :INFO : click_on_Menu_Button :click on the menu button in the home page
2024-07-18 10:53:53,468 :INFO : click_on_Menu_Button :click on the menu button in the home page
2024-07-18 10:53:53,468 :INFO : click_on_Menu_Button :click on the menu button in the home page
2024-07-18 10:53:54,470 :INFO : click_on_Login_Button :click on the login button
2024-07-18 10:53:54,470 :INFO : click_on_Login_Button :click on the login button
2024-07-18 10:53:54,470 :INFO : click_on_Login_Button :click on the login button
2024-07-18 10:53:54,470 :INFO : click_on_Login_Button :click on the login button
2024-07-18 10:54:04,512 :INFO : click_on_forgot_link :click on the forgot link
2024-07-18 10:54:04,517 :INFO : verify_page_title :verify the page title in the forgot page
2024-07-18 10:54:04,591 :INFO : enter_Email_ID :enter the email address in the forgot page
2024-07-18 10:54:04,632 :INFO : click_on_Continue_button :click on the continue button
2024-07-18 10:54:14,639 :INFO : verify_confirm_message :verify the confirmation message in the forgot page
2024-07-18 10:54:14,694 :INFO : click_to_login_button :click on the login button
2024-07-18 10:54:16,605 :INFO : click_on_Menu_Button :click on the menu button in the home page
2024-07-18 10:54:16,605 :INFO : click_on_Menu_Button :click on the menu button in the home page
2024-07-18 10:54:16,605 :INFO : click_on_Menu_Button :click on the menu button in the home page
2024-07-18 10:54:16,605 :INFO : click_on_Menu_Button :click on the menu button in the home page
2024-07-18 10:54:16,605 :INFO : click_on_Menu_Button :click on the menu button in the home page
2024-07-18 10:54:17,796 :INFO : click_on_Login_Button :click on the login button
2024-07-18 10:54:17,796 :INFO : click_on_Login_Button :click on the login button
2024-07-18 10:54:17,796 :INFO : click_on_Login_Button :click on the login button
2024-07-18 10:54:17,796 :INFO : click_on_Login_Button :click on the login button
2024-07-18 10:54:17,796 :INFO : click_on_Login_Button :click on the login button
2024-07-18 10:54:27,832 :INFO : click_on_forgot_link :click on the forgot link
2024-07-18 10:54:27,832 :INFO : click_on_forgot_link :click on the forgot link
2024-07-18 10:54:27,837 :INFO : verify_page_title :verify the page title in the forgot page
2024-07-18 10:54:27,837 :INFO : verify_page_title :verify the page title in the forgot page
2024-07-18 10:54:27,903 :INFO : enter_Email_ID :enter the email address in the forgot page
2024-07-18 10:54:27,903 :INFO : enter_Email_ID :enter the email address in the forgot page
2024-07-18 10:54:27,939 :INFO : click_on_Continue_button :click on the continue button
2024-07-18 10:54:27,939 :INFO : click_on_Continue_button :click on the continue button
2024-07-18 10:54:37,946 :INFO : verify_invalid_email_message :verify the invalid email message
2024-07-18 10:54:37,997 :INFO : click_to_login_button :click on the login button
2024-07-18 10:54:37,997 :INFO : click_to_login_button :click on the login button
2024-07-18 10:58:11,696 :INFO : click_on_Menu_Button :click on the menu button in the home page
2024-07-18 10:58:14,298 :INFO : click_on_Login_Button :click on the login button
2024-07-18 10:58:14,387 :INFO : enter_Email :Entered email address in the login page
2024-07-18 10:58:14,457 :INFO : enter_Password :Entered password in the login page
2024-07-18 10:58:14,502 :INFO : click_on_Continue_Button :click on the Continue button
2024-07-18 10:58:24,509 :INFO : verify_menu_text :Verify the Menu text in the dashboard page
2024-07-18 10:58:24,567 :INFO : click_on_name_text :Click on the Menu text in the dashboard page
2024-07-18 10:58:26,950 :INFO : click_on_Logout_button :Click on the logout button in the menubar
2024-07-18 10:58:27,023 :INFO : click_on_Menu_Button :click on the menu button in the home page
2024-07-18 10:58:27,023 :INFO : click_on_Menu_Button :click on the menu button in the home page
2024-07-18 10:58:28,169 :INFO : click_on_Login_Button :click on the login button
2024-07-18 10:58:28,169 :INFO : click_on_Login_Button :click on the login button
2024-07-18 10:58:28,223 :INFO : enter_Email :Entered email address in the login page
2024-07-18 10:58:28,223 :INFO : enter_Email :Entered email address in the login page
2024-07-18 10:58:28,277 :INFO : enter_Password :Entered password in the login page
2024-07-18 10:58:28,277 :INFO : enter_Password :Entered password in the login page
2024-07-18 10:58:28,315 :INFO : click_on_Continue_Button :click on the Continue button
2024-07-18 10:58:28,315 :INFO : click_on_Continue_Button :click on the Continue button
2024-07-18 10:58:38,322 :INFO : verify_Login_text :verify login text in the login page
2024-07-18 10:58:38,345 :INFO : test_enter_empty_credentails_in_login :Login successful!
2024-07-18 10:58:40,338 :INFO : click_on_Menu_Button :click on the menu button in the home page
2024-07-18 10:58:40,338 :INFO : click_on_Menu_Button :click on the menu button in the home page
2024-07-18 10:58:40,338 :INFO : click_on_Menu_Button :click on the menu button in the home page
2024-07-18 10:58:41,413 :INFO : click_on_Login_Button :click on the login button
2024-07-18 10:58:41,413 :INFO : click_on_Login_Button :click on the login button
2024-07-18 10:58:41,413 :INFO : click_on_Login_Button :click on the login button
2024-07-18 10:58:41,475 :INFO : enter_Email :Entered email address in the login page
2024-07-18 10:58:41,475 :INFO : enter_Email :Entered email address in the login page
2024-07-18 10:58:41,475 :INFO : enter_Email :Entered email address in the login page
2024-07-18 10:58:41,535 :INFO : enter_Password :Entered password in the login page
2024-07-18 10:58:41,535 :INFO : enter_Password :Entered password in the login page
2024-07-18 10:58:41,535 :INFO : enter_Password :Entered password in the login page
2024-07-18 10:58:41,570 :INFO : click_on_Continue_Button :click on the Continue button
2024-07-18 10:58:41,570 :INFO : click_on_Continue_Button :click on the Continue button
2024-07-18 10:58:41,570 :INFO : click_on_Continue_Button :click on the Continue button
2024-07-18 10:58:51,576 :INFO : verify_error_text :verify error text in the login page
2024-07-18 10:58:53,630 :INFO : click_on_Menu_Button :click on the menu button in the home page
2024-07-18 10:58:53,630 :INFO : click_on_Menu_Button :click on the menu button in the home page
2024-07-18 10:58:53,630 :INFO : click_on_Menu_Button :click on the menu button in the home page
2024-07-18 10:58:53,630 :INFO : click_on_Menu_Button :click on the menu button in the home page
2024-07-18 10:58:54,658 :INFO : click_on_Login_Button :click on the login button
2024-07-18 10:58:54,658 :INFO : click_on_Login_Button :click on the login button
2024-07-18 10:58:54,658 :INFO : click_on_Login_Button :click on the login button
2024-07-18 10:58:54,658 :INFO : click_on_Login_Button :click on the login button
2024-07-18 10:59:04,702 :INFO : click_on_forgot_link :click on the forgot link
2024-07-18 10:59:04,708 :INFO : verify_page_title :verify the page title in the forgot page
2024-07-18 10:59:04,778 :INFO : enter_Email_ID :enter the email address in the forgot page
2024-07-18 10:59:04,816 :INFO : click_on_Continue_button :click on the continue button
2024-07-18 10:59:14,823 :INFO : verify_confirm_message :verify the confirmation message in the forgot page
2024-07-18 10:59:14,877 :INFO : click_to_login_button :click on the login button
2024-07-18 10:59:17,118 :INFO : click_on_Menu_Button :click on the menu button in the home page
2024-07-18 10:59:17,118 :INFO : click_on_Menu_Button :click on the menu button in the home page
2024-07-18 10:59:17,118 :INFO : click_on_Menu_Button :click on the menu button in the home page
2024-07-18 10:59:17,118 :INFO : click_on_Menu_Button :click on the menu button in the home page
2024-07-18 10:59:17,118 :INFO : click_on_Menu_Button :click on the menu button in the home page
2024-07-18 10:59:18,347 :INFO : click_on_Login_Button :click on the login button
2024-07-18 10:59:18,347 :INFO : click_on_Login_Button :click on the login button
2024-07-18 10:59:18,347 :INFO : click_on_Login_Button :click on the login button
2024-07-18 10:59:18,347 :INFO : click_on_Login_Button :click on the login button
2024-07-18 10:59:18,347 :INFO : click_on_Login_Button :click on the login button
2024-07-18 10:59:28,384 :INFO : click_on_forgot_link :click on the forgot link
2024-07-18 10:59:28,384 :INFO : click_on_forgot_link :click on the forgot link
2024-07-18 10:59:28,389 :INFO : verify_page_title :verify the page title in the forgot page
2024-07-18 10:59:28,389 :INFO : verify_page_title :verify the page title in the forgot page
2024-07-18 10:59:28,451 :INFO : enter_Email_ID :enter the email address in the forgot page
2024-07-18 10:59:28,451 :INFO : enter_Email_ID :enter the email address in the forgot page
2024-07-18 10:59:28,485 :INFO : click_on_Continue_button :click on the continue button
2024-07-18 10:59:28,485 :INFO : click_on_Continue_button :click on the continue button
2024-07-18 10:59:38,491 :INFO : verify_invalid_email_message :verify the invalid email message
2024-07-18 10:59:38,540 :INFO : click_to_login_button :click on the login button
2024-07-18 10:59:38,540 :INFO : click_to_login_button :click on the login button
